[debug] [2026-01-22T21:21:27.339Z] ----------------------------------------------------------------------
[debug] [2026-01-22T21:21:27.340Z] Command:       /opt/homebrew/Cellar/node/25.2.1/bin/node /opt/homebrew/bin/firebase init hosting
[debug] [2026-01-22T21:21:27.340Z] CLI Version:   15.3.1
[debug] [2026-01-22T21:21:27.341Z] Platform:      darwin
[debug] [2026-01-22T21:21:27.341Z] Node Version:  v25.2.1
[debug] [2026-01-22T21:21:27.341Z] Time:          Fri Jan 23 2026 04:21:27 GMT+0700 (Indochina Time)
[debug] [2026-01-22T21:21:27.341Z] ----------------------------------------------------------------------
[debug] 
[info] 
     ######## #### ########  ######## ########     ###     ######  ########
     ##        ##  ##     ## ##       ##     ##  ##   ##  ##       ##
     ######    ##  ########  ######   ########  #########  ######  ######
     ##        ##  ##    ##  ##       ##     ## ##     ##       ## ##
     ##       #### ##     ## ######## ########  ##     ##  ######  ########

You're about to initialize a Firebase project in this directory:

  /Users/x/Documents/GitHub/Song

[info] 
=== Project Setup
[info] 
[info] First, let's associate this project directory with a Firebase project.
[info] You can create multiple project aliases by running firebase use --add, 
[info] 
